DEPRECATION WARNING: You're using the Ruby-based MySQL library that ships with Rails. This library will be REMOVED FROM RAILS 2.2. Please switch to the offical mysql gem: `gem install mysql`  See http://www.rubyonrails.org/deprecation for details. (called from mysql_connection at /Library/Ruby/Gems/1.8/gems/activerecord-2.1.1/lib/active_record/connection_adapters/mysql_adapter.rb:81)
  [4;36;1mSQL (0.095158)[0m   [0;1mSET NAMES 'utf8'[0m
  [4;35;1mSQL (0.000931)[0m   [0mSET SQL_AUTO_IS_NULL=0[0m
  [4;36;1mSQL (0.020593)[0m   [0;1mCREATE DATABASE `depot_development` DEFAULT CHARACTER SET `utf8` COLLATE `utf8_general_ci`[0m
DEPRECATION WARNING: You're using the Ruby-based MySQL library that ships with Rails. This library will be REMOVED FROM RAILS 2.2. Please switch to the offical mysql gem: `gem install mysql`  See http://www.rubyonrails.org/deprecation for details. (called from mysql_connection at /Library/Ruby/Gems/1.8/gems/activerecord-2.1.1/lib/active_record/connection_adapters/mysql_adapter.rb:81)
  [4;36;1mSQL (0.000196)[0m   [0;1mSET NAMES 'utf8'[0m
  [4;35;1mSQL (0.000158)[0m   [0mSET SQL_AUTO_IS_NULL=0[0m
  [4;36;1mSQL (0.100522)[0m   [0;1mSHOW TABLES[0m
  [4;35;1mSQL (0.380442)[0m   [0mCREATE TABLE `schema_migrations` (`version` varchar(255) NOT NULL) ENGINE=InnoDB[0m
  [4;36;1mSQL (0.086683)[0m   [0;1mCREATE UNIQUE INDEX `unique_schema_migrations` ON `schema_migrations` (`version`)[0m
  [4;35;1mSQL (0.000629)[0m   [0mSHOW TABLES[0m
  [4;36;1mSQL (0.000783)[0m   [0;1mSHOW TABLES[0m
  [4;35;1mSQL (0.000557)[0m   [0mSELECT version FROM schema_migrations[0m
  [4;36;1mSQL (0.000451)[0m   [0;1mSHOW TABLES[0m
DEPRECATION WARNING: You're using the Ruby-based MySQL library that ships with Rails. This library will be REMOVED FROM RAILS 2.2. Please switch to the offical mysql gem: `gem install mysql`  See http://www.rubyonrails.org/deprecation for details. (called from mysql_connection at /Library/Ruby/Gems/1.8/gems/activerecord-2.1.1/lib/active_record/connection_adapters/mysql_adapter.rb:81)
  [4;36;1mSQL (0.000229)[0m   [0;1mSET NAMES 'utf8'[0m
  [4;35;1mSQL (0.000159)[0m   [0mSET SQL_AUTO_IS_NULL=0[0m
  [4;36;1mSQL (0.000593)[0m   [0;1mSHOW TABLES[0m
  [4;35;1mSQL (0.000460)[0m   [0mSELECT version FROM schema_migrations[0m
Migrating to CreateProducts (20080919213026)
  [4;36;1mSQL (0.102245)[0m   [0;1mCREATE TABLE `products` (`id` int(11) DEFAULT NULL auto_increment PRIMARY KEY, `title` varchar(255), `description` text, `image_url` varchar(255), `created_at` datetime, `updated_at` datetime) ENGINE=InnoDB[0m
  [4;35;1mSQL (0.054951)[0m   [0mINSERT INTO schema_migrations (version) VALUES ('20080919213026')[0m
  [4;36;1mSQL (0.000690)[0m   [0;1mSHOW TABLES[0m
  [4;35;1mSQL (0.000379)[0m   [0mSELECT version FROM schema_migrations[0m
  [4;36;1mSQL (0.000469)[0m   [0;1mSHOW TABLES[0m
  [4;35;1mSQL (0.038889)[0m   [0mSHOW FIELDS FROM `products`[0m
  [4;36;1mSQL (0.003448)[0m   [0;1mdescribe `products`[0m
  [4;35;1mSQL (0.002022)[0m   [0mSHOW KEYS FROM `products`[0m


Processing ProductsController#index (for 10.1.11.131 at 2008-09-19 17:32:16) [GET]
  Session ID: b7e4b591e6f93dc67dbf070fa41e35c3
  Parameters: {"action"=>"index", "controller"=>"products"}
DEPRECATION WARNING: You're using the Ruby-based MySQL library that ships with Rails. This library will be REMOVED FROM RAILS 2.2. Please switch to the offical mysql gem: `gem install mysql`  See http://www.rubyonrails.org/deprecation for details. (called from mysql_connection at /usr/local/lib/ruby/gems/1.8/gems/activerecord-2.1.1/lib/active_record/connection_adapters/mysql_adapter.rb:81)
  [4;36;1mSQL (0.000394)[0m   [0;1mSET NAMES 'utf8'[0m
  [4;35;1mSQL (0.000314)[0m   [0mSET SQL_AUTO_IS_NULL=0[0m
  [4;36;1mProduct Load (0.001918)[0m   [0;1mSELECT * FROM `products` [0m
Rendering template within layouts/products
Rendering products/index
Completed in 0.04467 (22 reqs/sec) | Rendering: 0.01013 (22%) | DB: 0.00263 (5%) | 200 OK [http://10.1.11.96/products]


Processing ProductsController#new (for 10.1.11.131 at 2008-09-19 17:32:23) [GET]
  Session ID: BAh7BiIKZmxhc2hJQzonQWN0aW9uQ29udHJvbGxlcjo6Rmxhc2g6OkZsYXNo
SGFzaHsABjoKQHVzZWR7AA==--1967d211c89e0e587c9da60ad22fd6c68b8f465c
  Parameters: {"action"=>"new", "controller"=>"products"}
  [4;35;1mProduct Columns (0.078119)[0m   [0mSHOW FIELDS FROM `products`[0m
Rendering template within layouts/products
Rendering products/new
Completed in 0.13221 (7 reqs/sec) | Rendering: 0.02109 (15%) | DB: 0.07812 (59%) | 200 OK [http://10.1.11.96/products/new]


Processing ProductsController#create (for 10.1.11.131 at 2008-09-19 17:33:36) [POST]
  Session ID: BAh7BzoMY3NyZl9pZCIlNTUzODY5YTNhN2QxN2NmMzY1Zjk3ZGYxOGFjMjNl
YmIiCmZsYXNoSUM6J0FjdGlvbkNvbnRyb2xsZXI6OkZsYXNoOjpGbGFzaEhh
c2h7AAY6CkB1c2VkewA=--f495c78fa27e99c34d9668d9f48397035a8239ef
  Parameters: {"commit"=>"Create", "product"=>{"image_url"=>"/images/svn.jpg", "title"=>"Pragmatic Version Control", "description"=>"<p>\r\nThis book is a recipe-based approach to using Subversion that will get you up and running quickly---and correctly.  All projects need version control; it's a foundation piece of any project."}, "authenticity_token"=>"82f2caf18404eb8fb08b2ff98ff40ad0bcbf97b2", "action"=>"create", "controller"=>"products"}
  [4;36;1mProduct Columns (0.079497)[0m   [0;1mSHOW FIELDS FROM `products`[0m
  [4;35;1mSQL (0.018867)[0m   [0mBEGIN[0m
  [4;36;1mProduct Create (0.018357)[0m   [0;1mINSERT INTO `products` (`image_url`, `updated_at`, `title`, `description`, `created_at`) VALUES('/images/svn.jpg', '2008-09-19 21:33:36', 'Pragmatic Version Control', '<p>\r\nThis book is a recipe-based approach to using Subversion that will get you up and running quickly---and correctly. All projects need version control; it\'s a foundation piece of any project.', '2008-09-19 21:33:36')[0m
  [4;35;1mSQL (0.000721)[0m   [0mCOMMIT[0m
Redirected to http://10.1.11.96:3000/products/1
Completed in 0.16180 (6 reqs/sec) | DB: 0.11744 (72%) | 302 Found [http://10.1.11.96/products]


Processing ProductsController#show (for 10.1.11.131 at 2008-09-19 17:33:37) [GET]
  Session ID: BAh7BzoMY3NyZl9pZCIlNTUzODY5YTNhN2QxN2NmMzY1Zjk3ZGYxOGFjMjNl
YmIiCmZsYXNoSUM6J0FjdGlvbkNvbnRyb2xsZXI6OkZsYXNoOjpGbGFzaEhh
c2h7BjoLbm90aWNlIiZQcm9kdWN0IHdhcyBzdWNjZXNzZnVsbHkgY3JlYXRl
ZC4GOgpAdXNlZHsGOwdG--c7cdbe80942e094b9cd46242f41e28a205e34745
  Parameters: {"action"=>"show", "id"=>"1", "controller"=>"products"}
  [4;36;1mProduct Columns (0.004607)[0m   [0;1mSHOW FIELDS FROM `products`[0m
  [4;35;1mProduct Load (0.002800)[0m   [0mSELECT * FROM `products` WHERE (`products`.`id` = 1) [0m
Rendering template within layouts/products
Rendering products/show
Completed in 0.05117 (19 reqs/sec) | Rendering: 0.00945 (18%) | DB: 0.00741 (14%) | 200 OK [http://10.1.11.96/products/1]


Processing ProductsController#index (for 10.1.11.131 at 2008-09-19 17:33:41) [GET]
  Session ID: BAh7BzoMY3NyZl9pZCIlNTUzODY5YTNhN2QxN2NmMzY1Zjk3ZGYxOGFjMjNl
YmIiCmZsYXNoSUM6J0FjdGlvbkNvbnRyb2xsZXI6OkZsYXNoOjpGbGFzaEhh
c2h7BjoLbm90aWNlIiZQcm9kdWN0IHdhcyBzdWNjZXNzZnVsbHkgY3JlYXRl
ZC4GOgpAdXNlZHsGOwdU--f40ec2add4703219ccdeaa0f19bab23c2d830906
  Parameters: {"action"=>"index", "controller"=>"products"}
  [4;36;1mProduct Load (0.002133)[0m   [0;1mSELECT * FROM `products` [0m
Rendering template within layouts/products
Rendering products/index
  [4;35;1mProduct Columns (0.005011)[0m   [0mSHOW FIELDS FROM `products`[0m
Completed in 0.05069 (19 reqs/sec) | Rendering: 0.01132 (22%) | DB: 0.00714 (14%) | 200 OK [http://10.1.11.96/products]
DEPRECATION WARNING: You're using the Ruby-based MySQL library that ships with Rails. This library will be REMOVED FROM RAILS 2.2. Please switch to the offical mysql gem: `gem install mysql`  See http://www.rubyonrails.org/deprecation for details. (called from mysql_connection at /Library/Ruby/Gems/1.8/gems/activerecord-2.1.1/lib/active_record/connection_adapters/mysql_adapter.rb:81)
  [4;36;1mSQL (0.000198)[0m   [0;1mSET NAMES 'utf8'[0m
  [4;35;1mSQL (0.000158)[0m   [0mSET SQL_AUTO_IS_NULL=0[0m
  [4;36;1mSQL (0.000597)[0m   [0;1mSHOW TABLES[0m
  [4;35;1mSQL (0.000503)[0m   [0mSELECT version FROM schema_migrations[0m
Migrating to CreateProducts (20080919213026)
Migrating to AddPriceToProduct (20080919215707)
  [4;36;1mSQL (0.123171)[0m   [0;1mALTER TABLE `products` ADD `price` decimal(8,2) DEFAULT 0[0m
  [4;35;1mSQL (0.000689)[0m   [0mINSERT INTO schema_migrations (version) VALUES ('20080919215707')[0m
  [4;36;1mSQL (0.000673)[0m   [0;1mSHOW TABLES[0m
  [4;35;1mSQL (0.000397)[0m   [0mSELECT version FROM schema_migrations[0m
  [4;36;1mSQL (0.000865)[0m   [0;1mSHOW TABLES[0m
  [4;35;1mSQL (0.015479)[0m   [0mSHOW FIELDS FROM `products`[0m
  [4;36;1mSQL (0.002910)[0m   [0;1mdescribe `products`[0m
  [4;35;1mSQL (0.008501)[0m   [0mSHOW KEYS FROM `products`[0m


Processing ProductsController#index (for 10.1.11.131 at 2008-09-19 18:02:27) [GET]
  Session ID: BAh7BzoMY3NyZl9pZCIlNTUzODY5YTNhN2QxN2NmMzY1Zjk3ZGYxOGFjMjNl
YmIiCmZsYXNoSUM6J0FjdGlvbkNvbnRyb2xsZXI6OkZsYXNoOjpGbGFzaEhh
c2h7AAY6CkB1c2VkewA=--f495c78fa27e99c34d9668d9f48397035a8239ef
  Parameters: {"action"=>"index", "controller"=>"products"}
  [4;36;1mProduct Load (0.002340)[0m   [0;1mSELECT * FROM `products` [0m
Rendering template within layouts/products
Rendering products/index
  [4;35;1mProduct Columns (0.004801)[0m   [0mSHOW FIELDS FROM `products`[0m
Completed in 0.06892 (14 reqs/sec) | Rendering: 0.01559 (22%) | DB: 0.00714 (10%) | 200 OK [http://10.1.11.96/products]


Processing ProductsController#index (for 10.1.11.131 at 2008-09-19 18:04:44) [GET]
  Session ID: BAh7BzoMY3NyZl9pZCIlNTUzODY5YTNhN2QxN2NmMzY1Zjk3ZGYxOGFjMjNl
YmIiCmZsYXNoSUM6J0FjdGlvbkNvbnRyb2xsZXI6OkZsYXNoOjpGbGFzaEhh
c2h7AAY6CkB1c2VkewA=--f495c78fa27e99c34d9668d9f48397035a8239ef
  Parameters: {"action"=>"index", "controller"=>"products"}
  [4;36;1mProduct Load (0.002282)[0m   [0;1mSELECT * FROM `products` [0m
Rendering template within layouts/products
Rendering products/index
  [4;35;1mProduct Columns (0.004875)[0m   [0mSHOW FIELDS FROM `products`[0m
Completed in 0.05338 (18 reqs/sec) | Rendering: 0.01292 (24%) | DB: 0.00716 (13%) | 200 OK [http://10.1.11.96/products]


Processing ProductsController#show (for 10.1.11.131 at 2008-09-19 18:04:49) [GET]
  Session ID: BAh7BzoMY3NyZl9pZCIlNTUzODY5YTNhN2QxN2NmMzY1Zjk3ZGYxOGFjMjNl
YmIiCmZsYXNoSUM6J0FjdGlvbkNvbnRyb2xsZXI6OkZsYXNoOjpGbGFzaEhh
c2h7AAY6CkB1c2VkewA=--f495c78fa27e99c34d9668d9f48397035a8239ef
  Parameters: {"action"=>"show", "id"=>"1", "controller"=>"products"}
  [4;36;1mProduct Columns (0.005124)[0m   [0;1mSHOW FIELDS FROM `products`[0m
  [4;35;1mProduct Load (0.003048)[0m   [0mSELECT * FROM `products` WHERE (`products`.`id` = 1) [0m
Rendering template within layouts/products
Rendering products/show
Completed in 0.05354 (18 reqs/sec) | Rendering: 0.01103 (20%) | DB: 0.00817 (15%) | 200 OK [http://10.1.11.96/products/1]


Processing ProductsController#edit (for 10.1.11.131 at 2008-09-19 18:04:53) [GET]
  Session ID: BAh7BzoMY3NyZl9pZCIlNTUzODY5YTNhN2QxN2NmMzY1Zjk3ZGYxOGFjMjNl
YmIiCmZsYXNoSUM6J0FjdGlvbkNvbnRyb2xsZXI6OkZsYXNoOjpGbGFzaEhh
c2h7AAY6CkB1c2VkewA=--f495c78fa27e99c34d9668d9f48397035a8239ef
  Parameters: {"action"=>"edit", "id"=>"1", "controller"=>"products"}
  [4;36;1mProduct Columns (0.004820)[0m   [0;1mSHOW FIELDS FROM `products`[0m
  [4;35;1mProduct Load (0.003294)[0m   [0mSELECT * FROM `products` WHERE (`products`.`id` = 1) [0m
Rendering template within layouts/products
Rendering products/edit
Completed in 0.06862 (14 reqs/sec) | Rendering: 0.02302 (33%) | DB: 0.00811 (11%) | 200 OK [http://10.1.11.96/products/1/edit]


Processing ProductsController#new (for 10.1.11.131 at 2008-09-19 18:05:08) [GET]
  Session ID: BAh7BzoMY3NyZl9pZCIlNTUzODY5YTNhN2QxN2NmMzY1Zjk3ZGYxOGFjMjNl
YmIiCmZsYXNoSUM6J0FjdGlvbkNvbnRyb2xsZXI6OkZsYXNoOjpGbGFzaEhh
c2h7AAY6CkB1c2VkewA=--f495c78fa27e99c34d9668d9f48397035a8239ef
  Parameters: {"action"=>"new", "controller"=>"products"}
  [4;36;1mProduct Columns (0.005624)[0m   [0;1mSHOW FIELDS FROM `products`[0m
Rendering template within layouts/products
Rendering products/new
Completed in 0.05963 (16 reqs/sec) | Rendering: 0.02061 (34%) | DB: 0.00562 (9%) | 200 OK [http://10.1.11.96/products/new]


Processing ProductsController#index (for 10.1.11.131 at 2008-09-19 18:07:05) [GET]
  Session ID: BAh7BzoMY3NyZl9pZCIlNTUzODY5YTNhN2QxN2NmMzY1Zjk3ZGYxOGFjMjNl
YmIiCmZsYXNoSUM6J0FjdGlvbkNvbnRyb2xsZXI6OkZsYXNoOjpGbGFzaEhh
c2h7AAY6CkB1c2VkewA=--f495c78fa27e99c34d9668d9f48397035a8239ef
  Parameters: {"action"=>"index", "controller"=>"products"}
  [4;35;1mProduct Load (0.002479)[0m   [0mSELECT * FROM `products` [0m
Rendering template within layouts/products
Rendering products/index
  [4;36;1mProduct Columns (0.005351)[0m   [0;1mSHOW FIELDS FROM `products`[0m
Completed in 0.05531 (18 reqs/sec) | Rendering: 0.01425 (25%) | DB: 0.00783 (14%) | 200 OK [http://10.1.11.96/products]


Processing ProductsController#index (for 10.1.11.131 at 2008-09-19 18:07:24) [GET]
  Session ID: BAh7BzoMY3NyZl9pZCIlNTUzODY5YTNhN2QxN2NmMzY1Zjk3ZGYxOGFjMjNl
YmIiCmZsYXNoSUM6J0FjdGlvbkNvbnRyb2xsZXI6OkZsYXNoOjpGbGFzaEhh
c2h7AAY6CkB1c2VkewA=--f495c78fa27e99c34d9668d9f48397035a8239ef
  Parameters: {"action"=>"index", "controller"=>"products"}
  [4;35;1mProduct Load (0.002373)[0m   [0mSELECT * FROM `products` [0m
Rendering template within layouts/products
Rendering products/index
  [4;36;1mProduct Columns (0.004840)[0m   [0;1mSHOW FIELDS FROM `products`[0m
Completed in 0.05222 (19 reqs/sec) | Rendering: 0.01283 (24%) | DB: 0.00721 (13%) | 200 OK [http://10.1.11.96/products]


Processing ProductsController#index (for 10.1.11.131 at 2008-09-19 18:07:26) [GET]
  Session ID: BAh7BzoMY3NyZl9pZCIlNTUzODY5YTNhN2QxN2NmMzY1Zjk3ZGYxOGFjMjNl
YmIiCmZsYXNoSUM6J0FjdGlvbkNvbnRyb2xsZXI6OkZsYXNoOjpGbGFzaEhh
c2h7AAY6CkB1c2VkewA=--f495c78fa27e99c34d9668d9f48397035a8239ef
  Parameters: {"action"=>"index", "controller"=>"products"}
  [4;35;1mProduct Load (0.002375)[0m   [0mSELECT * FROM `products` [0m
Rendering template within layouts/products
Rendering products/index
  [4;36;1mProduct Columns (0.006996)[0m   [0;1mSHOW FIELDS FROM `products`[0m
Completed in 0.05364 (18 reqs/sec) | Rendering: 0.01233 (22%) | DB: 0.00937 (17%) | 200 OK [http://10.1.11.96/products]


Processing ProductsController#show (for 10.1.11.131 at 2008-09-19 18:07:33) [GET]
  Session ID: BAh7BzoMY3NyZl9pZCIlNTUzODY5YTNhN2QxN2NmMzY1Zjk3ZGYxOGFjMjNl
YmIiCmZsYXNoSUM6J0FjdGlvbkNvbnRyb2xsZXI6OkZsYXNoOjpGbGFzaEhh
c2h7AAY6CkB1c2VkewA=--f495c78fa27e99c34d9668d9f48397035a8239ef
  Parameters: {"action"=>"show", "id"=>"1", "controller"=>"products"}
  [4;35;1mProduct Columns (0.005737)[0m   [0mSHOW FIELDS FROM `products`[0m
  [4;36;1mProduct Load (0.003029)[0m   [0;1mSELECT * FROM `products` WHERE (`products`.`id` = 1) [0m
Rendering template within layouts/products
Rendering products/show
Completed in 0.05397 (18 reqs/sec) | Rendering: 0.00995 (18%) | DB: 0.00877 (16%) | 200 OK [http://10.1.11.96/products/1]


Processing ProductsController#index (for 10.1.11.131 at 2008-09-19 18:10:11) [GET]
  Session ID: BAh7BzoMY3NyZl9pZCIlNTUzODY5YTNhN2QxN2NmMzY1Zjk3ZGYxOGFjMjNl
YmIiCmZsYXNoSUM6J0FjdGlvbkNvbnRyb2xsZXI6OkZsYXNoOjpGbGFzaEhh
c2h7AAY6CkB1c2VkewA=--f495c78fa27e99c34d9668d9f48397035a8239ef
  Parameters: {"action"=>"index", "controller"=>"products"}
  [4;35;1mProduct Load (0.002486)[0m   [0mSELECT * FROM `products` [0m
Rendering template within layouts/products
Rendering products/index
  [4;36;1mProduct Columns (0.004773)[0m   [0;1mSHOW FIELDS FROM `products`[0m
Completed in 0.05056 (19 reqs/sec) | Rendering: 0.01138 (22%) | DB: 0.00726 (14%) | 200 OK [http://10.1.11.96/products]


Processing ProductsController#new (for 10.1.11.131 at 2008-09-19 18:10:12) [GET]
  Session ID: BAh7BzoMY3NyZl9pZCIlNTUzODY5YTNhN2QxN2NmMzY1Zjk3ZGYxOGFjMjNl
YmIiCmZsYXNoSUM6J0FjdGlvbkNvbnRyb2xsZXI6OkZsYXNoOjpGbGFzaEhh
c2h7AAY6CkB1c2VkewA=--f495c78fa27e99c34d9668d9f48397035a8239ef
  Parameters: {"action"=>"new", "controller"=>"products"}
  [4;35;1mProduct Columns (0.004869)[0m   [0mSHOW FIELDS FROM `products`[0m
Rendering template within layouts/products
Rendering products/new
Completed in 0.05262 (19 reqs/sec) | Rendering: 0.01472 (27%) | DB: 0.00487 (9%) | 200 OK [http://10.1.11.96/products/new]


Processing ProductsController#create (for 10.1.11.131 at 2008-09-19 18:10:18) [POST]
  Session ID: BAh7BzoMY3NyZl9pZCIlNTUzODY5YTNhN2QxN2NmMzY1Zjk3ZGYxOGFjMjNl
YmIiCmZsYXNoSUM6J0FjdGlvbkNvbnRyb2xsZXI6OkZsYXNoOjpGbGFzaEhh
c2h7AAY6CkB1c2VkewA=--f495c78fa27e99c34d9668d9f48397035a8239ef
  Parameters: {"commit"=>"Create", "product"=>{"image_url"=>"", "title"=>"", "price"=>"0.0", "description"=>""}, "authenticity_token"=>"82f2caf18404eb8fb08b2ff98ff40ad0bcbf97b2", "action"=>"create", "controller"=>"products"}
  [4;36;1mProduct Columns (0.082528)[0m   [0;1mSHOW FIELDS FROM `products`[0m
  [4;35;1mSQL (0.001124)[0m   [0mBEGIN[0m
  [4;36;1mSQL (0.000316)[0m   [0;1mCOMMIT[0m
Rendering template within layouts/products
Rendering products/new
Completed in 0.13699 (7 reqs/sec) | Rendering: 0.01168 (8%) | DB: 0.08397 (61%) | 200 OK [http://10.1.11.96/products]


Processing ProductsController#create (for 10.1.11.131 at 2008-09-19 18:11:28) [POST]
  Session ID: BAh7BzoMY3NyZl9pZCIlNTUzODY5YTNhN2QxN2NmMzY1Zjk3ZGYxOGFjMjNl
YmIiCmZsYXNoSUM6J0FjdGlvbkNvbnRyb2xsZXI6OkZsYXNoOjpGbGFzaEhh
c2h7AAY6CkB1c2VkewA=--f495c78fa27e99c34d9668d9f48397035a8239ef
  Parameters: {"commit"=>"Create", "product"=>{"image_url"=>"blah", "title"=>"Test", "price"=>"", "description"=>"blah"}, "authenticity_token"=>"82f2caf18404eb8fb08b2ff98ff40ad0bcbf97b2", "action"=>"create", "controller"=>"products"}
  [4;35;1mProduct Columns (0.083490)[0m   [0mSHOW FIELDS FROM `products`[0m
  [4;36;1mSQL (0.001233)[0m   [0;1mBEGIN[0m
  [4;35;1mSQL (0.000467)[0m   [0mCOMMIT[0m
Rendering template within layouts/products
Rendering products/new
Completed in 0.13690 (7 reqs/sec) | Rendering: 0.01064 (7%) | DB: 0.08519 (62%) | 200 OK [http://10.1.11.96/products]


Processing ProductsController#create (for 10.1.11.131 at 2008-09-19 18:14:34) [POST]
  Session ID: BAh7BzoMY3NyZl9pZCIlNTUzODY5YTNhN2QxN2NmMzY1Zjk3ZGYxOGFjMjNl
YmIiCmZsYXNoSUM6J0FjdGlvbkNvbnRyb2xsZXI6OkZsYXNoOjpGbGFzaEhh
c2h7AAY6CkB1c2VkewA=--f495c78fa27e99c34d9668d9f48397035a8239ef
  Parameters: {"commit"=>"Create", "product"=>{"image_url"=>"blah", "title"=>"Test", "price"=>"-25", "description"=>"blah"}, "authenticity_token"=>"82f2caf18404eb8fb08b2ff98ff40ad0bcbf97b2", "action"=>"create", "controller"=>"products"}
  [4;36;1mProduct Columns (0.077290)[0m   [0;1mSHOW FIELDS FROM `products`[0m
  [4;35;1mSQL (0.001081)[0m   [0mBEGIN[0m
  [4;36;1mSQL (0.000314)[0m   [0;1mCOMMIT[0m
Rendering template within layouts/products
Rendering products/new
Completed in 0.13072 (7 reqs/sec) | Rendering: 0.01103 (8%) | DB: 0.07869 (60%) | 200 OK [http://10.1.11.96/products]


Processing ProductsController#create (for 10.1.11.131 at 2008-09-19 18:14:51) [POST]
  Session ID: BAh7BzoMY3NyZl9pZCIlNTUzODY5YTNhN2QxN2NmMzY1Zjk3ZGYxOGFjMjNl
YmIiCmZsYXNoSUM6J0FjdGlvbkNvbnRyb2xsZXI6OkZsYXNoOjpGbGFzaEhh
c2h7AAY6CkB1c2VkewA=--f495c78fa27e99c34d9668d9f48397035a8239ef
  Parameters: {"commit"=>"Create", "product"=>{"image_url"=>"blah", "title"=>"Test", "price"=>"25.67", "description"=>"blah"}, "authenticity_token"=>"82f2caf18404eb8fb08b2ff98ff40ad0bcbf97b2", "action"=>"create", "controller"=>"products"}
  [4;35;1mProduct Columns (0.082233)[0m   [0mSHOW FIELDS FROM `products`[0m
  [4;36;1mSQL (0.001132)[0m   [0;1mBEGIN[0m
  [4;35;1mProduct Create (0.000545)[0m   [0mINSERT INTO `products` (`image_url`, `updated_at`, `title`, `price`, `description`, `created_at`) VALUES('blah', '2008-09-19 22:14:51', 'Test', '25.67', 'blah', '2008-09-19 22:14:51')[0m
  [4;36;1mSQL (0.000736)[0m   [0;1mCOMMIT[0m
Redirected to http://10.1.11.96:3000/products/2
Completed in 0.13202 (7 reqs/sec) | DB: 0.08465 (64%) | 302 Found [http://10.1.11.96/products]


Processing ProductsController#show (for 10.1.11.131 at 2008-09-19 18:14:51) [GET]
  Session ID: BAh7BzoMY3NyZl9pZCIlNTUzODY5YTNhN2QxN2NmMzY1Zjk3ZGYxOGFjMjNl
YmIiCmZsYXNoSUM6J0FjdGlvbkNvbnRyb2xsZXI6OkZsYXNoOjpGbGFzaEhh
c2h7BjoLbm90aWNlIiZQcm9kdWN0IHdhcyBzdWNjZXNzZnVsbHkgY3JlYXRl
ZC4GOgpAdXNlZHsGOwdG--c7cdbe80942e094b9cd46242f41e28a205e34745
  Parameters: {"action"=>"show", "id"=>"2", "controller"=>"products"}
  [4;35;1mProduct Columns (0.004879)[0m   [0mSHOW FIELDS FROM `products`[0m
  [4;36;1mProduct Load (0.003057)[0m   [0;1mSELECT * FROM `products` WHERE (`products`.`id` = 2) [0m
Rendering template within layouts/products
Rendering products/show
Completed in 0.05432 (18 reqs/sec) | Rendering: 0.01014 (18%) | DB: 0.00794 (14%) | 200 OK [http://10.1.11.96/products/2]


Processing ProductsController#index (for 10.1.11.131 at 2008-09-19 18:18:09) [GET]
  Session ID: BAh7BzoMY3NyZl9pZCIlNTUzODY5YTNhN2QxN2NmMzY1Zjk3ZGYxOGFjMjNl
YmIiCmZsYXNoSUM6J0FjdGlvbkNvbnRyb2xsZXI6OkZsYXNoOjpGbGFzaEhh
c2h7BjoLbm90aWNlIiZQcm9kdWN0IHdhcyBzdWNjZXNzZnVsbHkgY3JlYXRl
ZC4GOgpAdXNlZHsGOwdU--f40ec2add4703219ccdeaa0f19bab23c2d830906
  Parameters: {"action"=>"index", "controller"=>"products"}


SyntaxError (/Users/jasonn/emerald_city/week1_finish/app/models/product.rb:16: syntax error, unexpected tASSOC, expecting kEND
                      :with     =>  %r{\.(gif|jpg|png)}i,
                                  ^
/Users/jasonn/emerald_city/week1_finish/app/models/product.rb:16: syntax error, unexpected ',', expecting kEND):
    /usr/local/lib/ruby/gems/1.8/gems/activesupport-2.1.1/lib/active_support/dependencies.rb:216:in `load_without_new_constant_marking'
    /usr/local/lib/ruby/gems/1.8/gems/activesupport-2.1.1/lib/active_support/dependencies.rb:216:in `load_file'
    /usr/local/lib/ruby/gems/1.8/gems/activesupport-2.1.1/lib/active_support/dependencies.rb:355:in `new_constants_in'
    /usr/local/lib/ruby/gems/1.8/gems/activesupport-2.1.1/lib/active_support/dependencies.rb:215:in `load_file'
    /usr/local/lib/ruby/gems/1.8/gems/activesupport-2.1.1/lib/active_support/dependencies.rb:96:in `require_or_load'
    /usr/local/lib/ruby/gems/1.8/gems/activesupport-2.1.1/lib/active_support/dependencies.rb:261:in `load_missing_constant'
    /usr/local/lib/ruby/gems/1.8/gems/activesupport-2.1.1/lib/active_support/dependencies.rb:468:in `const_missing'
    /usr/local/lib/ruby/gems/1.8/gems/activesupport-2.1.1/lib/active_support/dependencies.rb:480:in `const_missing'
    /usr/local/lib/ruby/gems/1.8/gems/activesupport-2.1.1/lib/active_support/dependencies.rb:273:in `load_missing_constant'
    /usr/local/lib/ruby/gems/1.8/gems/activesupport-2.1.1/lib/active_support/dependencies.rb:484:in `const_missing'
    /app/controllers/products_controller.rb:5:in `index'
    /usr/local/lib/ruby/gems/1.8/gems/actionpack-2.1.1/lib/action_controller/base.rb:1166:in `send'
    /usr/local/lib/ruby/gems/1.8/gems/actionpack-2.1.1/lib/action_controller/base.rb:1166:in `perform_action_without_filters'
    /usr/local/lib/ruby/gems/1.8/gems/actionpack-2.1.1/lib/action_controller/filters.rb:579:in `call_filters'
    /usr/local/lib/ruby/gems/1.8/gems/actionpack-2.1.1/lib/action_controller/filters.rb:572:in `perform_action_without_benchmark'
    /usr/local/lib/ruby/gems/1.8/gems/actionpack-2.1.1/lib/action_controller/benchmarking.rb:68:in `perform_action_without_rescue'
    /usr/local/lib/ruby/1.8/benchmark.rb:293:in `measure'
    /usr/local/lib/ruby/gems/1.8/gems/actionpack-2.1.1/lib/action_controller/benchmarking.rb:68:in `perform_action_without_rescue'
    /usr/local/lib/ruby/gems/1.8/gems/actionpack-2.1.1/lib/action_controller/rescue.rb:201:in `perform_action_without_caching'
    /usr/local/lib/ruby/gems/1.8/gems/actionpack-2.1.1/lib/action_controller/caching/sql_cache.rb:13:in `perform_action'
    /usr/local/lib/ruby/gems/1.8/gems/activerecord-2.1.1/lib/active_record/connection_adapters/abstract/query_cache.rb:33:in `cache'
    /usr/local/lib/ruby/gems/1.8/gems/activerecord-2.1.1/lib/active_record/query_cache.rb:8:in `cache'
    /usr/local/lib/ruby/gems/1.8/gems/actionpack-2.1.1/lib/action_controller/caching/sql_cache.rb:12:in `perform_action'
    /usr/local/lib/ruby/gems/1.8/gems/actionpack-2.1.1/lib/action_controller/base.rb:529:in `send'
    /usr/local/lib/ruby/gems/1.8/gems/actionpack-2.1.1/lib/action_controller/base.rb:529:in `process_without_filters'
    /usr/local/lib/ruby/gems/1.8/gems/actionpack-2.1.1/lib/action_controller/filters.rb:568:in `process_without_session_management_support'
    /usr/local/lib/ruby/gems/1.8/gems/actionpack-2.1.1/lib/action_controller/session_management.rb:130:in `process'
    /usr/local/lib/ruby/gems/1.8/gems/actionpack-2.1.1/lib/action_controller/base.rb:389:in `process'
    /usr/local/lib/ruby/gems/1.8/gems/actionpack-2.1.1/lib/action_controller/dispatcher.rb:149:in `handle_request'
    /usr/local/lib/ruby/gems/1.8/gems/actionpack-2.1.1/lib/action_controller/dispatcher.rb:107:in `dispatch'
    /usr/local/lib/ruby/gems/1.8/gems/actionpack-2.1.1/lib/action_controller/dispatcher.rb:104:in `synchronize'
    /usr/local/lib/ruby/gems/1.8/gems/actionpack-2.1.1/lib/action_controller/dispatcher.rb:104:in `dispatch'
    /usr/local/lib/ruby/gems/1.8/gems/actionpack-2.1.1/lib/action_controller/dispatcher.rb:120:in `dispatch_cgi'
    /usr/local/lib/ruby/gems/1.8/gems/actionpack-2.1.1/lib/action_controller/dispatcher.rb:35:in `dispatch'
    /usr/local/lib/ruby/gems/1.8/gems/rails-2.1.1/lib/webrick_server.rb:112:in `handle_dispatch'
    /usr/local/lib/ruby/gems/1.8/gems/rails-2.1.1/lib/webrick_server.rb:78:in `service'
    /usr/local/lib/ruby/1.8/webrick/httpserver.rb:104:in `service'
    /usr/local/lib/ruby/1.8/webrick/httpserver.rb:65:in `run'
    /usr/local/lib/ruby/1.8/webrick/server.rb:173:in `start_thread'
    /usr/local/lib/ruby/1.8/webrick/server.rb:162:in `start'
    /usr/local/lib/ruby/1.8/webrick/server.rb:162:in `start_thread'
    /usr/local/lib/ruby/1.8/webrick/server.rb:95:in `start'
    /usr/local/lib/ruby/1.8/webrick/server.rb:92:in `each'
    /usr/local/lib/ruby/1.8/webrick/server.rb:92:in `start'
    /usr/local/lib/ruby/1.8/webrick/server.rb:23:in `start'
    /usr/local/lib/ruby/1.8/webrick/server.rb:82:in `start'
    /usr/local/lib/ruby/gems/1.8/gems/rails-2.1.1/lib/webrick_server.rb:62:in `dispatch'
    /usr/local/lib/ruby/gems/1.8/gems/rails-2.1.1/lib/commands/servers/webrick.rb:66
    /usr/local/lib/ruby/site_ruby/1.8/rubygems/custom_require.rb:27:in `gem_original_require'
    /usr/local/lib/ruby/site_ruby/1.8/rubygems/custom_require.rb:27:in `require'
    /usr/local/lib/ruby/gems/1.8/gems/activesupport-2.1.1/lib/active_support/dependencies.rb:510:in `require'
    /usr/local/lib/ruby/gems/1.8/gems/activesupport-2.1.1/lib/active_support/dependencies.rb:355:in `new_constants_in'
    /usr/local/lib/ruby/gems/1.8/gems/activesupport-2.1.1/lib/active_support/dependencies.rb:510:in `require'
    /usr/local/lib/ruby/gems/1.8/gems/rails-2.1.1/lib/commands/server.rb:39
    /usr/local/lib/ruby/site_ruby/1.8/rubygems/custom_require.rb:27:in `gem_original_require'
    /usr/local/lib/ruby/site_ruby/1.8/rubygems/custom_require.rb:27:in `require'
    script/server:3

Rendering /usr/local/lib/ruby/gems/1.8/gems/actionpack-2.1.1/lib/action_controller/templates/rescues/layout.erb (internal_server_error)


Processing ProductsController#index (for 10.1.11.131 at 2008-09-19 18:18:26) [GET]
  Session ID: BAh7BzoMY3NyZl9pZCIlNTUzODY5YTNhN2QxN2NmMzY1Zjk3ZGYxOGFjMjNl
YmIiCmZsYXNoSUM6J0FjdGlvbkNvbnRyb2xsZXI6OkZsYXNoOjpGbGFzaEhh
c2h7AAY6CkB1c2VkewA=--f495c78fa27e99c34d9668d9f48397035a8239ef
  Parameters: {"action"=>"index", "controller"=>"products"}
  [4;35;1mProduct Load (0.002573)[0m   [0mSELECT * FROM `products` [0m
Rendering template within layouts/products
Rendering products/index
  [4;36;1mProduct Columns (0.004806)[0m   [0;1mSHOW FIELDS FROM `products`[0m
Completed in 0.05561 (17 reqs/sec) | Rendering: 0.01429 (25%) | DB: 0.00738 (13%) | 200 OK [http://10.1.11.96/products]


Processing ProductsController#new (for 10.1.11.131 at 2008-09-19 18:18:31) [GET]
  Session ID: BAh7BzoMY3NyZl9pZCIlNTUzODY5YTNhN2QxN2NmMzY1Zjk3ZGYxOGFjMjNl
YmIiCmZsYXNoSUM6J0FjdGlvbkNvbnRyb2xsZXI6OkZsYXNoOjpGbGFzaEhh
c2h7AAY6CkB1c2VkewA=--f495c78fa27e99c34d9668d9f48397035a8239ef
  Parameters: {"action"=>"new", "controller"=>"products"}
  [4;35;1mProduct Columns (0.080115)[0m   [0mSHOW FIELDS FROM `products`[0m
Rendering template within layouts/products
Rendering products/new
Completed in 0.13094 (7 reqs/sec) | Rendering: 0.01411 (10%) | DB: 0.08012 (61%) | 200 OK [http://10.1.11.96/products/new]


Processing ProductsController#create (for 10.1.11.131 at 2008-09-19 18:18:48) [POST]
  Session ID: BAh7BzoMY3NyZl9pZCIlNTUzODY5YTNhN2QxN2NmMzY1Zjk3ZGYxOGFjMjNl
YmIiCmZsYXNoSUM6J0FjdGlvbkNvbnRyb2xsZXI6OkZsYXNoOjpGbGFzaEhh
c2h7AAY6CkB1c2VkewA=--f495c78fa27e99c34d9668d9f48397035a8239ef
  Parameters: {"commit"=>"Create", "product"=>{"image_url"=>"blah.txt", "title"=>"Testing", "price"=>"3.45", "description"=>"blah"}, "authenticity_token"=>"82f2caf18404eb8fb08b2ff98ff40ad0bcbf97b2", "action"=>"create", "controller"=>"products"}
  [4;36;1mProduct Columns (0.250698)[0m   [0;1mSHOW FIELDS FROM `products`[0m
  [4;35;1mSQL (0.001037)[0m   [0mBEGIN[0m
  [4;36;1mSQL (0.000950)[0m   [0;1mSELECT `title` FROM `products` WHERE (`products`.title = 'Testing') [0m
  [4;35;1mSQL (0.000325)[0m   [0mCOMMIT[0m
Rendering template within layouts/products
Rendering products/new
Completed in 0.30718 (3 reqs/sec) | Rendering: 0.01072 (3%) | DB: 0.25301 (82%) | 200 OK [http://10.1.11.96/products]


Processing ProductsController#create (for 10.1.11.131 at 2008-09-19 18:18:59) [POST]
  Session ID: BAh7BzoMY3NyZl9pZCIlNTUzODY5YTNhN2QxN2NmMzY1Zjk3ZGYxOGFjMjNl
YmIiCmZsYXNoSUM6J0FjdGlvbkNvbnRyb2xsZXI6OkZsYXNoOjpGbGFzaEhh
c2h7AAY6CkB1c2VkewA=--f495c78fa27e99c34d9668d9f48397035a8239ef
  Parameters: {"commit"=>"Create", "product"=>{"image_url"=>"blah.png", "title"=>"Testing", "price"=>"3.45", "description"=>"blah"}, "authenticity_token"=>"82f2caf18404eb8fb08b2ff98ff40ad0bcbf97b2", "action"=>"create", "controller"=>"products"}
  [4;36;1mProduct Columns (0.082723)[0m   [0;1mSHOW FIELDS FROM `products`[0m
  [4;35;1mSQL (0.001071)[0m   [0mBEGIN[0m
  [4;36;1mSQL (0.000864)[0m   [0;1mSELECT `title` FROM `products` WHERE (`products`.title = 'Testing') [0m
  [4;35;1mProduct Create (0.000489)[0m   [0mINSERT INTO `products` (`image_url`, `updated_at`, `title`, `price`, `description`, `created_at`) VALUES('blah.png', '2008-09-19 22:18:59', 'Testing', '3.45', 'blah', '2008-09-19 22:18:59')[0m
  [4;36;1mSQL (0.000665)[0m   [0;1mCOMMIT[0m
Redirected to http://10.1.11.96:3000/products/3
Completed in 0.13514 (7 reqs/sec) | DB: 0.08581 (63%) | 302 Found [http://10.1.11.96/products]


Processing ProductsController#show (for 10.1.11.131 at 2008-09-19 18:18:59) [GET]
  Session ID: BAh7BzoMY3NyZl9pZCIlNTUzODY5YTNhN2QxN2NmMzY1Zjk3ZGYxOGFjMjNl
YmIiCmZsYXNoSUM6J0FjdGlvbkNvbnRyb2xsZXI6OkZsYXNoOjpGbGFzaEhh
c2h7BjoLbm90aWNlIiZQcm9kdWN0IHdhcyBzdWNjZXNzZnVsbHkgY3JlYXRl
ZC4GOgpAdXNlZHsGOwdG--c7cdbe80942e094b9cd46242f41e28a205e34745
  Parameters: {"action"=>"show", "id"=>"3", "controller"=>"products"}
  [4;35;1mProduct Columns (0.004792)[0m   [0mSHOW FIELDS FROM `products`[0m
  [4;36;1mProduct Load (0.003060)[0m   [0;1mSELECT * FROM `products` WHERE (`products`.`id` = 3) [0m
Rendering template within layouts/products
Rendering products/show
Completed in 0.05107 (19 reqs/sec) | Rendering: 0.00729 (14%) | DB: 0.00785 (15%) | 200 OK [http://10.1.11.96/products/3]


Processing ProductsController#index (for 10.1.11.131 at 2008-09-19 18:19:02) [GET]
  Session ID: BAh7BzoMY3NyZl9pZCIlNTUzODY5YTNhN2QxN2NmMzY1Zjk3ZGYxOGFjMjNl
YmIiCmZsYXNoSUM6J0FjdGlvbkNvbnRyb2xsZXI6OkZsYXNoOjpGbGFzaEhh
c2h7BjoLbm90aWNlIiZQcm9kdWN0IHdhcyBzdWNjZXNzZnVsbHkgY3JlYXRl
ZC4GOgpAdXNlZHsGOwdU--f40ec2add4703219ccdeaa0f19bab23c2d830906
  Parameters: {"action"=>"index", "controller"=>"products"}
  [4;35;1mProduct Load (0.002683)[0m   [0mSELECT * FROM `products` [0m
Rendering template within layouts/products
Rendering products/index
  [4;36;1mProduct Columns (0.004734)[0m   [0;1mSHOW FIELDS FROM `products`[0m
Completed in 0.05496 (18 reqs/sec) | Rendering: 0.01425 (25%) | DB: 0.00742 (13%) | 200 OK [http://10.1.11.96/products]
